<?xml version="1.0" encoding="UTF-8"?>
<!-- Generated by org.testng.reporters.JUnitReportReporter -->
<testsuite skipped="0" hostname="Saluja-16" name="demo.AesopAshDemo.UserTest" tests="3" failures="0" timestamp="04 Mar 2018 13:59:23 GMT" time="209.679" errors="0">
  <testcase name="feature" time="55.485" classname="demo.AesopAshDemo.UserTest"/>
  <testcase name="feature" time="114.524" classname="demo.AesopAshDemo.UserTest"/>
  <testcase name="feature" time="39.670" classname="demo.AesopAshDemo.UserTest"/>
</testsuite> <!-- demo.AesopAshDemo.UserTest -->
